<?xml version="1.0" encoding="UTF-8"?>
<!-- Generated by org.testng.reporters.JUnitXMLReporter -->
<testsuite ignored="0" hostname="AFSWWERKUFGWGE" failures="0" tests="6" name="Default test" time="7.417" errors="0" timestamp="2022-09-28T13:48:10 CDT">
  <testcase classname="com.megagiganto.ypTrackerSpringBoot.test.web.WebTestYarn" name="openAppClickLink" time="0.983"/>
  <testcase classname="com.megagiganto.ypTrackerSpringBoot.test.web.WebTestYarn" name="yarnInsertUnsuccessfully" time="2.211"/>
  <testcase classname="com.megagiganto.ypTrackerSpringBoot.test.web.WebTestYarn" name="checkClearButton" time="0.137"/>
  <testcase classname="com.megagiganto.ypTrackerSpringBoot.test.web.WebTestYarn" name="yarnInsertSuccessfully" time="0.34"/>
  <testcase classname="com.megagiganto.ypTrackerSpringBoot.test.web.WebTestYarn" name="yarnUpdateSuccessfully" time="0.823"/>
  <testcase classname="com.megagiganto.ypTrackerSpringBoot.test.web.WebTestYarn" name="yarnDelete" time="2.142"/>
</testsuite> <!-- Default test -->
