<?xml version="1.0" encoding="UTF-8"?>
<!-- Generated by org.testng.reporters.JUnitXMLReporter -->
<testsuite ignored="0" hostname="AFSWWERKUFGWGE" failures="0" tests="12" name="Default test" time="1.759" errors="0" timestamp="2022-09-28T09:07:45 CDT">
  <testcase classname="com.megagiganto.ypTrackerSpringBoot.test.service.ServiceTestYarn" name="deleteYarn_successfully" time="0.015"/>
  <testcase classname="com.megagiganto.ypTrackerSpringBoot.test.service.ServiceTestYarn" name="findAllYarn" time="0.002"/>
  <testcase classname="com.megagiganto.ypTrackerSpringBoot.test.service.ServiceTestYarn" name="givenInvalidId_whenFindingYarn_thenThrowsNoSuchElementException" time="0.015"/>
  <testcase classname="com.megagiganto.ypTrackerSpringBoot.test.service.ServiceTestYarn" name="saveYarn_successfully" time="0.008"/>
  <testcase classname="com.megagiganto.ypTrackerSpringBoot.test.service.ServiceTestYarn" name="updateYarn_successfully" time="0.004"/>
  <testcase classname="com.megagiganto.ypTrackerSpringBoot.test.service.ServiceTestYarn" name="updateYarn_unsuccessfully" time="0.003"/>
  <testcase classname="com.megagiganto.ypTrackerSpringBoot.test.service.ServiceTestNotes" name="findAllNotes" time="0.002"/>
  <testcase classname="com.megagiganto.ypTrackerSpringBoot.test.service.ServiceTestNotes" name="saveNote_successfully" time="0.002"/>
  <testcase classname="com.megagiganto.ypTrackerSpringBoot.test.service.ServiceTestPattern" name="deletePattern_successfully" time="0.001"/>
  <testcase classname="com.megagiganto.ypTrackerSpringBoot.test.service.ServiceTestPattern" name="findAllPatterns" time="0.001"/>
  <testcase classname="com.megagiganto.ypTrackerSpringBoot.test.service.ServiceTestPattern" name="savePattern_successfully" time="0.001"/>
  <testcase classname="com.megagiganto.ypTrackerSpringBoot.test.service.ServiceTestPattern" name="updatePattern_successfully" time="0.001"/>
</testsuite> <!-- Default test -->
