<?xml version="1.0" encoding="UTF-8"?>
<testng-results ignored="0" total="6" passed="6" failed="0" skipped="0">
  <reporter-output>
  </reporter-output>
  <suite started-at="2022-09-28T13:48:02 CDT" name="Default suite" finished-at="2022-09-28T13:48:10 CDT" duration-ms="7417">
    <groups>
    </groups>
    <test started-at="2022-09-28T13:48:02 CDT" name="Default test" finished-at="2022-09-28T13:48:10 CDT" duration-ms="7417">
      <class name="com.megagiganto.ypTrackerSpringBoot.test.web.WebTestYarn">
        <test-method is-config="true" signature="beforeTest()[pri:0, instance:com.megagiganto.ypTrackerSpringBoot.test.web.WebTestYarn@da51aa8]" started-at="2022-09-28T13:48:02 CDT" name="beforeTest" finished-at="2022-09-28T13:48:03 CDT" duration-ms="584" status="PASS">
          <reporter-output>
          </reporter-output>
        </test-method> <!-- beforeTest -->
        <test-method signature="openAppClickLink()[pri:1, instance:com.megagiganto.ypTrackerSpringBoot.test.web.WebTestYarn@da51aa8]" started-at="2022-09-28T13:48:03 CDT" name="openAppClickLink" finished-at="2022-09-28T13:48:04 CDT" duration-ms="983" status="PASS">
          <reporter-output>
          </reporter-output>
        </test-method> <!-- openAppClickLink -->
        <test-method signature="yarnInsertUnsuccessfully()[pri:2, instance:com.megagiganto.ypTrackerSpringBoot.test.web.WebTestYarn@da51aa8]" started-at="2022-09-28T13:48:04 CDT" name="yarnInsertUnsuccessfully" finished-at="2022-09-28T13:48:06 CDT" duration-ms="2211" status="PASS">
          <reporter-output>
          </reporter-output>
        </test-method> <!-- yarnInsertUnsuccessfully -->
        <test-method signature="checkClearButton()[pri:3, instance:com.megagiganto.ypTrackerSpringBoot.test.web.WebTestYarn@da51aa8]" started-at="2022-09-28T13:48:06 CDT" name="checkClearButton" finished-at="2022-09-28T13:48:06 CDT" duration-ms="137" status="PASS">
          <reporter-output>
          </reporter-output>
        </test-method> <!-- checkClearButton -->
        <test-method signature="yarnInsertSuccessfully()[pri:3, instance:com.megagiganto.ypTrackerSpringBoot.test.web.WebTestYarn@da51aa8]" started-at="2022-09-28T13:48:06 CDT" name="yarnInsertSuccessfully" finished-at="2022-09-28T13:48:07 CDT" duration-ms="340" status="PASS">
          <reporter-output>
          </reporter-output>
        </test-method> <!-- yarnInsertSuccessfully -->
        <test-method signature="yarnUpdateSuccessfully()[pri:4, instance:com.megagiganto.ypTrackerSpringBoot.test.web.WebTestYarn@da51aa8]" started-at="2022-09-28T13:48:07 CDT" name="yarnUpdateSuccessfully" finished-at="2022-09-28T13:48:08 CDT" duration-ms="823" status="PASS">
          <reporter-output>
          </reporter-output>
        </test-method> <!-- yarnUpdateSuccessfully -->
        <test-method signature="yarnDelete()[pri:5, instance:com.megagiganto.ypTrackerSpringBoot.test.web.WebTestYarn@da51aa8]" started-at="2022-09-28T13:48:08 CDT" name="yarnDelete" finished-at="2022-09-28T13:48:10 CDT" duration-ms="2142" status="PASS">
          <reporter-output>
          </reporter-output>
        </test-method> <!-- yarnDelete -->
        <test-method is-config="true" signature="afterTest()[pri:0, instance:com.megagiganto.ypTrackerSpringBoot.test.web.WebTestYarn@da51aa8]" started-at="2022-09-28T13:48:10 CDT" name="afterTest" finished-at="2022-09-28T13:48:10 CDT" duration-ms="145" status="PASS">
          <reporter-output>
          </reporter-output>
        </test-method> <!-- afterTest -->
      </class> <!-- com.megagiganto.ypTrackerSpringBoot.test.web.WebTestYarn -->
    </test> <!-- Default test -->
  </suite> <!-- Default suite -->
</testng-results>
