<?xml version="1.0" encoding="UTF-8"?>
<testng-results ignored="0" total="12" passed="12" failed="0" skipped="0">
  <reporter-output>
  </reporter-output>
  <suite started-at="2022-09-28T09:07:43 CDT" name="Default suite" finished-at="2022-09-28T09:07:45 CDT" duration-ms="1759">
    <groups>
    </groups>
    <test started-at="2022-09-28T09:07:43 CDT" name="Default test" finished-at="2022-09-28T09:07:45 CDT" duration-ms="1759">
      <class name="com.megagiganto.ypTrackerSpringBoot.test.service.ServiceTestYarn">
        <test-method is-config="true" signature="springTestContextBeforeTestClass()[pri:0, instance:com.megagiganto.ypTrackerSpringBoot.test.service.ServiceTestYarn@3f45dfec]" started-at="2022-09-28T09:07:43 CDT" name="springTestContextBeforeTestClass" finished-at="2022-09-28T09:07:43 CDT" duration-ms="22" status="PASS">
          <reporter-output>
          </reporter-output>
        </test-method> <!-- springTestContextBeforeTestClass -->
        <test-method is-config="true" signature="springTestContextPrepareTestInstance()[pri:0, instance:com.megagiganto.ypTrackerSpringBoot.test.service.ServiceTestYarn@3f45dfec]" started-at="2022-09-28T09:07:43 CDT" name="springTestContextPrepareTestInstance" finished-at="2022-09-28T09:07:44 CDT" depends-on-methods="org.springframework.test.context.testng.AbstractTestNGSpringContextTests.springTestContextBeforeTestClass" duration-ms="438" status="PASS">
          <reporter-output>
          </reporter-output>
        </test-method> <!-- springTestContextPrepareTestInstance -->
        <test-method is-config="true" signature="setup()[pri:0, instance:com.megagiganto.ypTrackerSpringBoot.test.service.ServiceTestYarn@3f45dfec]" started-at="2022-09-28T09:07:44 CDT" name="setup" finished-at="2022-09-28T09:07:45 CDT" duration-ms="1036" status="PASS">
          <reporter-output>
          </reporter-output>
        </test-method> <!-- setup -->
        <test-method is-config="true" signature="springTestContextBeforeTestMethod(java.lang.reflect.Method)[pri:0, instance:com.megagiganto.ypTrackerSpringBoot.test.service.ServiceTestYarn@3f45dfec]" started-at="2022-09-28T09:07:45 CDT" name="springTestContextBeforeTestMethod" finished-at="2022-09-28T09:07:45 CDT" duration-ms="4" status="PASS">
          <params>
            <param index="0">
              <value>
                <![CDATA[private void com.megagiganto.ypTrackerSpringBoot.test.service.ServiceTestYarn.deleteYarn_successfully()]]>
              </value>
            </param>
          </params>
          <reporter-output>
          </reporter-output>
        </test-method> <!-- springTestContextBeforeTestMethod -->
        <test-method signature="deleteYarn_successfully()[pri:0, instance:com.megagiganto.ypTrackerSpringBoot.test.service.ServiceTestYarn@3f45dfec]" started-at="2022-09-28T09:07:45 CDT" name="deleteYarn_successfully" finished-at="2022-09-28T09:07:45 CDT" duration-ms="15" status="PASS">
          <reporter-output>
          </reporter-output>
        </test-method> <!-- deleteYarn_successfully -->
        <test-method is-config="true" signature="tearDown()[pri:0, instance:com.megagiganto.ypTrackerSpringBoot.test.service.ServiceTestYarn@3f45dfec]" started-at="2022-09-28T09:07:45 CDT" name="tearDown" finished-at="2022-09-28T09:07:45 CDT" duration-ms="1" status="PASS">
          <reporter-output>
          </reporter-output>
        </test-method> <!-- tearDown -->
        <test-method is-config="true" signature="springTestContextAfterTestMethod(java.lang.reflect.Method)[pri:0, instance:com.megagiganto.ypTrackerSpringBoot.test.service.ServiceTestYarn@3f45dfec]" started-at="2022-09-28T09:07:45 CDT" name="springTestContextAfterTestMethod" finished-at="2022-09-28T09:07:45 CDT" duration-ms="3" status="PASS">
          <params>
            <param index="0">
              <value>
                <![CDATA[private void com.megagiganto.ypTrackerSpringBoot.test.service.ServiceTestYarn.deleteYarn_successfully()]]>
              </value>
            </param>
          </params>
          <reporter-output>
          </reporter-output>
        </test-method> <!-- springTestContextAfterTestMethod -->
        <test-method is-config="true" signature="springTestContextBeforeTestMethod(java.lang.reflect.Method)[pri:0, instance:com.megagiganto.ypTrackerSpringBoot.test.service.ServiceTestYarn@3f45dfec]" started-at="2022-09-28T09:07:45 CDT" name="springTestContextBeforeTestMethod" finished-at="2022-09-28T09:07:45 CDT" duration-ms="3" status="PASS">
          <params>
            <param index="0">
              <value>
                <![CDATA[private void com.megagiganto.ypTrackerSpringBoot.test.service.ServiceTestYarn.findAllYarn()]]>
              </value>
            </param>
          </params>
          <reporter-output>
          </reporter-output>
        </test-method> <!-- springTestContextBeforeTestMethod -->
        <test-method signature="findAllYarn()[pri:0, instance:com.megagiganto.ypTrackerSpringBoot.test.service.ServiceTestYarn@3f45dfec]" started-at="2022-09-28T09:07:45 CDT" name="findAllYarn" finished-at="2022-09-28T09:07:45 CDT" duration-ms="2" status="PASS">
          <reporter-output>
          </reporter-output>
        </test-method> <!-- findAllYarn -->
        <test-method is-config="true" signature="tearDown()[pri:0, instance:com.megagiganto.ypTrackerSpringBoot.test.service.ServiceTestYarn@3f45dfec]" started-at="2022-09-28T09:07:45 CDT" name="tearDown" finished-at="2022-09-28T09:07:45 CDT" duration-ms="1" status="PASS">
          <reporter-output>
          </reporter-output>
        </test-method> <!-- tearDown -->
        <test-method is-config="true" signature="springTestContextAfterTestMethod(java.lang.reflect.Method)[pri:0, instance:com.megagiganto.ypTrackerSpringBoot.test.service.ServiceTestYarn@3f45dfec]" started-at="2022-09-28T09:07:45 CDT" name="springTestContextAfterTestMethod" finished-at="2022-09-28T09:07:45 CDT" duration-ms="1" status="PASS">
          <params>
            <param index="0">
              <value>
                <![CDATA[private void com.megagiganto.ypTrackerSpringBoot.test.service.ServiceTestYarn.findAllYarn()]]>
              </value>
            </param>
          </params>
          <reporter-output>
          </reporter-output>
        </test-method> <!-- springTestContextAfterTestMethod -->
        <test-method is-config="true" signature="springTestContextBeforeTestMethod(java.lang.reflect.Method)[pri:0, instance:com.megagiganto.ypTrackerSpringBoot.test.service.ServiceTestYarn@3f45dfec]" started-at="2022-09-28T09:07:45 CDT" name="springTestContextBeforeTestMethod" finished-at="2022-09-28T09:07:45 CDT" duration-ms="1" status="PASS">
          <params>
            <param index="0">
              <value>
                <![CDATA[private void com.megagiganto.ypTrackerSpringBoot.test.service.ServiceTestYarn.givenInvalidId_whenFindingYarn_thenThrowsNoSuchElementException() throws java.util.NoSuchElementException]]>
              </value>
            </param>
          </params>
          <reporter-output>
          </reporter-output>
        </test-method> <!-- springTestContextBeforeTestMethod -->
        <test-method signature="givenInvalidId_whenFindingYarn_thenThrowsNoSuchElementException()[pri:0, instance:com.megagiganto.ypTrackerSpringBoot.test.service.ServiceTestYarn@3f45dfec]" started-at="2022-09-28T09:07:45 CDT" name="givenInvalidId_whenFindingYarn_thenThrowsNoSuchElementException" finished-at="2022-09-28T09:07:45 CDT" duration-ms="15" status="PASS">
          <exception class="java.util.NoSuchElementException">
            <message>
              <![CDATA[No value present]]>
            </message>
            <full-stacktrace>
              <![CDATA[java.util.NoSuchElementException: No value present
at java.base/java.util.Optional.get(Optional.java:148)
at com.megagiganto.ypTrackerSpringBoot.app.service.YarnService.findYarnById(YarnService.java:27)
at com.megagiganto.ypTrackerSpringBoot.test.service.ServiceTestYarn.givenInvalidId_whenFindingYarn_thenThrowsNoSuchElementException(ServiceTestYarn.java:89)
at java.base/jdk.internal.reflect.NativeMethodAccessorImpl.invoke0(Native Method)
at java.base/jdk.internal.reflect.NativeMethodAccessorImpl.invoke(NativeMethodAccessorImpl.java:62)
at java.base/jdk.internal.reflect.DelegatingMethodAccessorImpl.invoke(DelegatingMethodAccessorImpl.java:43)
at java.base/java.lang.reflect.Method.invoke(Method.java:566)
at org.testng.internal.MethodInvocationHelper.invokeMethod(MethodInvocationHelper.java:133)
at org.testng.internal.MethodInvocationHelper$1.runTestMethod(MethodInvocationHelper.java:239)
at org.springframework.test.context.testng.AbstractTestNGSpringContextTests.run(AbstractTestNGSpringContextTests.java:184)
at org.testng.internal.MethodInvocationHelper.invokeHookable(MethodInvocationHelper.java:253)
at org.testng.internal.TestInvoker.invokeMethod(TestInvoker.java:594)
at org.testng.internal.TestInvoker.invokeTestMethod(TestInvoker.java:173)
at org.testng.internal.MethodRunner.runInSequence(MethodRunner.java:46)
at org.testng.internal.TestInvoker$MethodInvocationAgent.invoke(TestInvoker.java:824)
at org.testng.internal.TestInvoker.invokeTestMethods(TestInvoker.java:146)
at org.testng.internal.TestMethodWorker.invokeTestMethods(TestMethodWorker.java:146)
at org.testng.internal.TestMethodWorker.run(TestMethodWorker.java:128)
at java.base/java.util.ArrayList.forEach(ArrayList.java:1541)
at org.testng.TestRunner.privateRun(TestRunner.java:794)
at org.testng.TestRunner.run(TestRunner.java:596)
at org.testng.SuiteRunner.runTest(SuiteRunner.java:377)
at org.testng.SuiteRunner.runSequentially(SuiteRunner.java:371)
at org.testng.SuiteRunner.privateRun(SuiteRunner.java:332)
at org.testng.SuiteRunner.run(SuiteRunner.java:276)
at org.testng.SuiteRunnerWorker.runSuite(SuiteRunnerWorker.java:53)
at org.testng.SuiteRunnerWorker.run(SuiteRunnerWorker.java:96)
at org.testng.TestNG.runSuitesSequentially(TestNG.java:1212)
at org.testng.TestNG.runSuitesLocally(TestNG.java:1134)
at org.testng.TestNG.runSuites(TestNG.java:1063)
at org.testng.TestNG.run(TestNG.java:1031)
at org.testng.remote.AbstractRemoteTestNG.run(AbstractRemoteTestNG.java:115)
at org.testng.remote.RemoteTestNG.initAndRun(RemoteTestNG.java:251)
at org.testng.remote.RemoteTestNG.main(RemoteTestNG.java:77)
]]>
            </full-stacktrace>
          </exception> <!-- java.util.NoSuchElementException -->
          <reporter-output>
          </reporter-output>
        </test-method> <!-- givenInvalidId_whenFindingYarn_thenThrowsNoSuchElementException -->
        <test-method is-config="true" signature="tearDown()[pri:0, instance:com.megagiganto.ypTrackerSpringBoot.test.service.ServiceTestYarn@3f45dfec]" started-at="2022-09-28T09:07:45 CDT" name="tearDown" finished-at="2022-09-28T09:07:45 CDT" duration-ms="2" status="PASS">
          <reporter-output>
          </reporter-output>
        </test-method> <!-- tearDown -->
        <test-method is-config="true" signature="springTestContextAfterTestMethod(java.lang.reflect.Method)[pri:0, instance:com.megagiganto.ypTrackerSpringBoot.test.service.ServiceTestYarn@3f45dfec]" started-at="2022-09-28T09:07:45 CDT" name="springTestContextAfterTestMethod" finished-at="2022-09-28T09:07:45 CDT" duration-ms="1" status="PASS">
          <params>
            <param index="0">
              <value>
                <![CDATA[private void com.megagiganto.ypTrackerSpringBoot.test.service.ServiceTestYarn.givenInvalidId_whenFindingYarn_thenThrowsNoSuchElementException() throws java.util.NoSuchElementException]]>
              </value>
            </param>
          </params>
          <reporter-output>
          </reporter-output>
        </test-method> <!-- springTestContextAfterTestMethod -->
        <test-method is-config="true" signature="springTestContextBeforeTestMethod(java.lang.reflect.Method)[pri:0, instance:com.megagiganto.ypTrackerSpringBoot.test.service.ServiceTestYarn@3f45dfec]" started-at="2022-09-28T09:07:45 CDT" name="springTestContextBeforeTestMethod" finished-at="2022-09-28T09:07:45 CDT" duration-ms="1" status="PASS">
          <params>
            <param index="0">
              <value>
                <![CDATA[private void com.megagiganto.ypTrackerSpringBoot.test.service.ServiceTestYarn.saveYarn_successfully()]]>
              </value>
            </param>
          </params>
          <reporter-output>
          </reporter-output>
        </test-method> <!-- springTestContextBeforeTestMethod -->
        <test-method signature="saveYarn_successfully()[pri:0, instance:com.megagiganto.ypTrackerSpringBoot.test.service.ServiceTestYarn@3f45dfec]" started-at="2022-09-28T09:07:45 CDT" name="saveYarn_successfully" finished-at="2022-09-28T09:07:45 CDT" duration-ms="8" status="PASS">
          <reporter-output>
          </reporter-output>
        </test-method> <!-- saveYarn_successfully -->
        <test-method is-config="true" signature="tearDown()[pri:0, instance:com.megagiganto.ypTrackerSpringBoot.test.service.ServiceTestYarn@3f45dfec]" started-at="2022-09-28T09:07:45 CDT" name="tearDown" finished-at="2022-09-28T09:07:45 CDT" duration-ms="1" status="PASS">
          <reporter-output>
          </reporter-output>
        </test-method> <!-- tearDown -->
        <test-method is-config="true" signature="springTestContextAfterTestMethod(java.lang.reflect.Method)[pri:0, instance:com.megagiganto.ypTrackerSpringBoot.test.service.ServiceTestYarn@3f45dfec]" started-at="2022-09-28T09:07:45 CDT" name="springTestContextAfterTestMethod" finished-at="2022-09-28T09:07:45 CDT" duration-ms="1" status="PASS">
          <params>
            <param index="0">
              <value>
                <![CDATA[private void com.megagiganto.ypTrackerSpringBoot.test.service.ServiceTestYarn.saveYarn_successfully()]]>
              </value>
            </param>
          </params>
          <reporter-output>
          </reporter-output>
        </test-method> <!-- springTestContextAfterTestMethod -->
        <test-method is-config="true" signature="springTestContextBeforeTestMethod(java.lang.reflect.Method)[pri:0, instance:com.megagiganto.ypTrackerSpringBoot.test.service.ServiceTestYarn@3f45dfec]" started-at="2022-09-28T09:07:45 CDT" name="springTestContextBeforeTestMethod" finished-at="2022-09-28T09:07:45 CDT" duration-ms="1" status="PASS">
          <params>
            <param index="0">
              <value>
                <![CDATA[private void com.megagiganto.ypTrackerSpringBoot.test.service.ServiceTestYarn.updateYarn_successfully()]]>
              </value>
            </param>
          </params>
          <reporter-output>
          </reporter-output>
        </test-method> <!-- springTestContextBeforeTestMethod -->
        <test-method signature="updateYarn_successfully()[pri:0, instance:com.megagiganto.ypTrackerSpringBoot.test.service.ServiceTestYarn@3f45dfec]" started-at="2022-09-28T09:07:45 CDT" name="updateYarn_successfully" finished-at="2022-09-28T09:07:45 CDT" duration-ms="4" status="PASS">
          <reporter-output>
          </reporter-output>
        </test-method> <!-- updateYarn_successfully -->
        <test-method is-config="true" signature="springTestContextAfterTestMethod(java.lang.reflect.Method)[pri:0, instance:com.megagiganto.ypTrackerSpringBoot.test.service.ServiceTestYarn@3f45dfec]" started-at="2022-09-28T09:07:45 CDT" name="springTestContextAfterTestMethod" finished-at="2022-09-28T09:07:45 CDT" duration-ms="1" status="PASS">
          <params>
            <param index="0">
              <value>
                <![CDATA[private void com.megagiganto.ypTrackerSpringBoot.test.service.ServiceTestYarn.updateYarn_successfully()]]>
              </value>
            </param>
          </params>
          <reporter-output>
          </reporter-output>
        </test-method> <!-- springTestContextAfterTestMethod -->
        <test-method is-config="true" signature="tearDown()[pri:0, instance:com.megagiganto.ypTrackerSpringBoot.test.service.ServiceTestYarn@3f45dfec]" started-at="2022-09-28T09:07:45 CDT" name="tearDown" finished-at="2022-09-28T09:07:45 CDT" duration-ms="0" status="PASS">
          <reporter-output>
          </reporter-output>
        </test-method> <!-- tearDown -->
        <test-method is-config="true" signature="springTestContextBeforeTestMethod(java.lang.reflect.Method)[pri:0, instance:com.megagiganto.ypTrackerSpringBoot.test.service.ServiceTestYarn@3f45dfec]" started-at="2022-09-28T09:07:45 CDT" name="springTestContextBeforeTestMethod" finished-at="2022-09-28T09:07:45 CDT" duration-ms="0" status="PASS">
          <params>
            <param index="0">
              <value>
                <![CDATA[private void com.megagiganto.ypTrackerSpringBoot.test.service.ServiceTestYarn.updateYarn_unsuccessfully() throws java.util.NoSuchElementException]]>
              </value>
            </param>
          </params>
          <reporter-output>
          </reporter-output>
        </test-method> <!-- springTestContextBeforeTestMethod -->
        <test-method signature="updateYarn_unsuccessfully()[pri:0, instance:com.megagiganto.ypTrackerSpringBoot.test.service.ServiceTestYarn@3f45dfec]" started-at="2022-09-28T09:07:45 CDT" name="updateYarn_unsuccessfully" finished-at="2022-09-28T09:07:45 CDT" duration-ms="3" status="PASS">
          <exception class="java.util.NoSuchElementException">
            <message>
              <![CDATA[No value present]]>
            </message>
            <full-stacktrace>
              <![CDATA[java.util.NoSuchElementException: No value present
at java.base/java.util.Optional.get(Optional.java:148)
at com.megagiganto.ypTrackerSpringBoot.app.service.YarnService.findYarnById(YarnService.java:27)
at com.megagiganto.ypTrackerSpringBoot.app.service.YarnService.updateYarn(YarnService.java:38)
at com.megagiganto.ypTrackerSpringBoot.test.service.ServiceTestYarn.updateYarn_unsuccessfully(ServiceTestYarn.java:100)
at java.base/jdk.internal.reflect.NativeMethodAccessorImpl.invoke0(Native Method)
at java.base/jdk.internal.reflect.NativeMethodAccessorImpl.invoke(NativeMethodAccessorImpl.java:62)
at java.base/jdk.internal.reflect.DelegatingMethodAccessorImpl.invoke(DelegatingMethodAccessorImpl.java:43)
at java.base/java.lang.reflect.Method.invoke(Method.java:566)
at org.testng.internal.MethodInvocationHelper.invokeMethod(MethodInvocationHelper.java:133)
at org.testng.internal.MethodInvocationHelper$1.runTestMethod(MethodInvocationHelper.java:239)
at org.springframework.test.context.testng.AbstractTestNGSpringContextTests.run(AbstractTestNGSpringContextTests.java:184)
at org.testng.internal.MethodInvocationHelper.invokeHookable(MethodInvocationHelper.java:253)
at org.testng.internal.TestInvoker.invokeMethod(TestInvoker.java:594)
at org.testng.internal.TestInvoker.invokeTestMethod(TestInvoker.java:173)
at org.testng.internal.MethodRunner.runInSequence(MethodRunner.java:46)
at org.testng.internal.TestInvoker$MethodInvocationAgent.invoke(TestInvoker.java:824)
at org.testng.internal.TestInvoker.invokeTestMethods(TestInvoker.java:146)
at org.testng.internal.TestMethodWorker.invokeTestMethods(TestMethodWorker.java:146)
at org.testng.internal.TestMethodWorker.run(TestMethodWorker.java:128)
at java.base/java.util.ArrayList.forEach(ArrayList.java:1541)
at org.testng.TestRunner.privateRun(TestRunner.java:794)
at org.testng.TestRunner.run(TestRunner.java:596)
at org.testng.SuiteRunner.runTest(SuiteRunner.java:377)
at org.testng.SuiteRunner.runSequentially(SuiteRunner.java:371)
at org.testng.SuiteRunner.privateRun(SuiteRunner.java:332)
at org.testng.SuiteRunner.run(SuiteRunner.java:276)
at org.testng.SuiteRunnerWorker.runSuite(SuiteRunnerWorker.java:53)
at org.testng.SuiteRunnerWorker.run(SuiteRunnerWorker.java:96)
at org.testng.TestNG.runSuitesSequentially(TestNG.java:1212)
at org.testng.TestNG.runSuitesLocally(TestNG.java:1134)
at org.testng.TestNG.runSuites(TestNG.java:1063)
at org.testng.TestNG.run(TestNG.java:1031)
at org.testng.remote.AbstractRemoteTestNG.run(AbstractRemoteTestNG.java:115)
at org.testng.remote.RemoteTestNG.initAndRun(RemoteTestNG.java:251)
at org.testng.remote.RemoteTestNG.main(RemoteTestNG.java:77)
]]>
            </full-stacktrace>
          </exception> <!-- java.util.NoSuchElementException -->
          <reporter-output>
          </reporter-output>
        </test-method> <!-- updateYarn_unsuccessfully -->
        <test-method is-config="true" signature="tearDown()[pri:0, instance:com.megagiganto.ypTrackerSpringBoot.test.service.ServiceTestYarn@3f45dfec]" started-at="2022-09-28T09:07:45 CDT" name="tearDown" finished-at="2022-09-28T09:07:45 CDT" duration-ms="1" status="PASS">
          <reporter-output>
          </reporter-output>
        </test-method> <!-- tearDown -->
        <test-method is-config="true" signature="springTestContextAfterTestMethod(java.lang.reflect.Method)[pri:0, instance:com.megagiganto.ypTrackerSpringBoot.test.service.ServiceTestYarn@3f45dfec]" started-at="2022-09-28T09:07:45 CDT" name="springTestContextAfterTestMethod" finished-at="2022-09-28T09:07:45 CDT" duration-ms="0" status="PASS">
          <params>
            <param index="0">
              <value>
                <![CDATA[private void com.megagiganto.ypTrackerSpringBoot.test.service.ServiceTestYarn.updateYarn_unsuccessfully() throws java.util.NoSuchElementException]]>
              </value>
            </param>
          </params>
          <reporter-output>
          </reporter-output>
        </test-method> <!-- springTestContextAfterTestMethod -->
        <test-method is-config="true" signature="tearDown()[pri:0, instance:com.megagiganto.ypTrackerSpringBoot.test.service.ServiceTestYarn@3f45dfec]" started-at="2022-09-28T09:07:45 CDT" name="tearDown" finished-at="2022-09-28T09:07:45 CDT" duration-ms="0" status="PASS">
          <reporter-output>
          </reporter-output>
        </test-method> <!-- tearDown -->
        <test-method is-config="true" signature="springTestContextAfterTestClass()[pri:0, instance:com.megagiganto.ypTrackerSpringBoot.test.service.ServiceTestYarn@3f45dfec]" started-at="2022-09-28T09:07:45 CDT" name="springTestContextAfterTestClass" finished-at="2022-09-28T09:07:45 CDT" duration-ms="2" status="PASS">
          <reporter-output>
          </reporter-output>
        </test-method> <!-- springTestContextAfterTestClass -->
      </class> <!-- com.megagiganto.ypTrackerSpringBoot.test.service.ServiceTestYarn -->
      <class name="com.megagiganto.ypTrackerSpringBoot.test.service.ServiceTestNotes">
        <test-method is-config="true" signature="springTestContextBeforeTestClass()[pri:0, instance:com.megagiganto.ypTrackerSpringBoot.test.service.ServiceTestNotes@1a819901]" started-at="2022-09-28T09:07:45 CDT" name="springTestContextBeforeTestClass" finished-at="2022-09-28T09:07:45 CDT" duration-ms="1" status="PASS">
          <reporter-output>
          </reporter-output>
        </test-method> <!-- springTestContextBeforeTestClass -->
        <test-method is-config="true" signature="springTestContextPrepareTestInstance()[pri:0, instance:com.megagiganto.ypTrackerSpringBoot.test.service.ServiceTestNotes@1a819901]" started-at="2022-09-28T09:07:45 CDT" name="springTestContextPrepareTestInstance" finished-at="2022-09-28T09:07:45 CDT" depends-on-methods="org.springframework.test.context.testng.AbstractTestNGSpringContextTests.springTestContextBeforeTestClass" duration-ms="3" status="PASS">
          <reporter-output>
          </reporter-output>
        </test-method> <!-- springTestContextPrepareTestInstance -->
        <test-method is-config="true" signature="setup()[pri:0, instance:com.megagiganto.ypTrackerSpringBoot.test.service.ServiceTestNotes@1a819901]" started-at="2022-09-28T09:07:45 CDT" name="setup" finished-at="2022-09-28T09:07:45 CDT" duration-ms="43" status="PASS">
          <reporter-output>
          </reporter-output>
        </test-method> <!-- setup -->
        <test-method is-config="true" signature="springTestContextBeforeTestMethod(java.lang.reflect.Method)[pri:0, instance:com.megagiganto.ypTrackerSpringBoot.test.service.ServiceTestNotes@1a819901]" started-at="2022-09-28T09:07:45 CDT" name="springTestContextBeforeTestMethod" finished-at="2022-09-28T09:07:45 CDT" duration-ms="1" status="PASS">
          <params>
            <param index="0">
              <value>
                <![CDATA[private void com.megagiganto.ypTrackerSpringBoot.test.service.ServiceTestNotes.findAllNotes()]]>
              </value>
            </param>
          </params>
          <reporter-output>
          </reporter-output>
        </test-method> <!-- springTestContextBeforeTestMethod -->
        <test-method signature="findAllNotes()[pri:0, instance:com.megagiganto.ypTrackerSpringBoot.test.service.ServiceTestNotes@1a819901]" started-at="2022-09-28T09:07:45 CDT" name="findAllNotes" finished-at="2022-09-28T09:07:45 CDT" duration-ms="2" status="PASS">
          <reporter-output>
          </reporter-output>
        </test-method> <!-- findAllNotes -->
        <test-method is-config="true" signature="tearDown()[pri:0, instance:com.megagiganto.ypTrackerSpringBoot.test.service.ServiceTestNotes@1a819901]" started-at="2022-09-28T09:07:45 CDT" name="tearDown" finished-at="2022-09-28T09:07:45 CDT" duration-ms="2" status="PASS">
          <reporter-output>
          </reporter-output>
        </test-method> <!-- tearDown -->
        <test-method is-config="true" signature="springTestContextAfterTestMethod(java.lang.reflect.Method)[pri:0, instance:com.megagiganto.ypTrackerSpringBoot.test.service.ServiceTestNotes@1a819901]" started-at="2022-09-28T09:07:45 CDT" name="springTestContextAfterTestMethod" finished-at="2022-09-28T09:07:45 CDT" duration-ms="1" status="PASS">
          <params>
            <param index="0">
              <value>
                <![CDATA[private void com.megagiganto.ypTrackerSpringBoot.test.service.ServiceTestNotes.findAllNotes()]]>
              </value>
            </param>
          </params>
          <reporter-output>
          </reporter-output>
        </test-method> <!-- springTestContextAfterTestMethod -->
        <test-method is-config="true" signature="springTestContextBeforeTestMethod(java.lang.reflect.Method)[pri:0, instance:com.megagiganto.ypTrackerSpringBoot.test.service.ServiceTestNotes@1a819901]" started-at="2022-09-28T09:07:45 CDT" name="springTestContextBeforeTestMethod" finished-at="2022-09-28T09:07:45 CDT" duration-ms="1" status="PASS">
          <params>
            <param index="0">
              <value>
                <![CDATA[private void com.megagiganto.ypTrackerSpringBoot.test.service.ServiceTestNotes.saveNote_successfully()]]>
              </value>
            </param>
          </params>
          <reporter-output>
          </reporter-output>
        </test-method> <!-- springTestContextBeforeTestMethod -->
        <test-method signature="saveNote_successfully()[pri:0, instance:com.megagiganto.ypTrackerSpringBoot.test.service.ServiceTestNotes@1a819901]" started-at="2022-09-28T09:07:45 CDT" name="saveNote_successfully" finished-at="2022-09-28T09:07:45 CDT" duration-ms="2" status="PASS">
          <reporter-output>
          </reporter-output>
        </test-method> <!-- saveNote_successfully -->
        <test-method is-config="true" signature="tearDown()[pri:0, instance:com.megagiganto.ypTrackerSpringBoot.test.service.ServiceTestNotes@1a819901]" started-at="2022-09-28T09:07:45 CDT" name="tearDown" finished-at="2022-09-28T09:07:45 CDT" duration-ms="1" status="PASS">
          <reporter-output>
          </reporter-output>
        </test-method> <!-- tearDown -->
        <test-method is-config="true" signature="springTestContextAfterTestMethod(java.lang.reflect.Method)[pri:0, instance:com.megagiganto.ypTrackerSpringBoot.test.service.ServiceTestNotes@1a819901]" started-at="2022-09-28T09:07:45 CDT" name="springTestContextAfterTestMethod" finished-at="2022-09-28T09:07:45 CDT" duration-ms="1" status="PASS">
          <params>
            <param index="0">
              <value>
                <![CDATA[private void com.megagiganto.ypTrackerSpringBoot.test.service.ServiceTestNotes.saveNote_successfully()]]>
              </value>
            </param>
          </params>
          <reporter-output>
          </reporter-output>
        </test-method> <!-- springTestContextAfterTestMethod -->
        <test-method is-config="true" signature="tearDown()[pri:0, instance:com.megagiganto.ypTrackerSpringBoot.test.service.ServiceTestNotes@1a819901]" started-at="2022-09-28T09:07:45 CDT" name="tearDown" finished-at="2022-09-28T09:07:45 CDT" duration-ms="1" status="PASS">
          <reporter-output>
          </reporter-output>
        </test-method> <!-- tearDown -->
        <test-method is-config="true" signature="springTestContextAfterTestClass()[pri:0, instance:com.megagiganto.ypTrackerSpringBoot.test.service.ServiceTestNotes@1a819901]" started-at="2022-09-28T09:07:45 CDT" name="springTestContextAfterTestClass" finished-at="2022-09-28T09:07:45 CDT" duration-ms="0" status="PASS">
          <reporter-output>
          </reporter-output>
        </test-method> <!-- springTestContextAfterTestClass -->
      </class> <!-- com.megagiganto.ypTrackerSpringBoot.test.service.ServiceTestNotes -->
      <class name="com.megagiganto.ypTrackerSpringBoot.test.service.ServiceTestPattern">
        <test-method is-config="true" signature="springTestContextBeforeTestClass()[pri:0, instance:com.megagiganto.ypTrackerSpringBoot.test.service.ServiceTestPattern@bfd97fb]" started-at="2022-09-28T09:07:45 CDT" name="springTestContextBeforeTestClass" finished-at="2022-09-28T09:07:45 CDT" duration-ms="0" status="PASS">
          <reporter-output>
          </reporter-output>
        </test-method> <!-- springTestContextBeforeTestClass -->
        <test-method is-config="true" signature="springTestContextPrepareTestInstance()[pri:0, instance:com.megagiganto.ypTrackerSpringBoot.test.service.ServiceTestPattern@bfd97fb]" started-at="2022-09-28T09:07:45 CDT" name="springTestContextPrepareTestInstance" finished-at="2022-09-28T09:07:45 CDT" depends-on-methods="org.springframework.test.context.testng.AbstractTestNGSpringContextTests.springTestContextBeforeTestClass" duration-ms="4" status="PASS">
          <reporter-output>
          </reporter-output>
        </test-method> <!-- springTestContextPrepareTestInstance -->
        <test-method is-config="true" signature="setup()[pri:0, instance:com.megagiganto.ypTrackerSpringBoot.test.service.ServiceTestPattern@bfd97fb]" started-at="2022-09-28T09:07:45 CDT" name="setup" finished-at="2022-09-28T09:07:45 CDT" duration-ms="38" status="PASS">
          <reporter-output>
          </reporter-output>
        </test-method> <!-- setup -->
        <test-method is-config="true" signature="springTestContextBeforeTestMethod(java.lang.reflect.Method)[pri:0, instance:com.megagiganto.ypTrackerSpringBoot.test.service.ServiceTestPattern@bfd97fb]" started-at="2022-09-28T09:07:45 CDT" name="springTestContextBeforeTestMethod" finished-at="2022-09-28T09:07:45 CDT" duration-ms="1" status="PASS">
          <params>
            <param index="0">
              <value>
                <![CDATA[private void com.megagiganto.ypTrackerSpringBoot.test.service.ServiceTestPattern.deletePattern_successfully()]]>
              </value>
            </param>
          </params>
          <reporter-output>
          </reporter-output>
        </test-method> <!-- springTestContextBeforeTestMethod -->
        <test-method signature="deletePattern_successfully()[pri:0, instance:com.megagiganto.ypTrackerSpringBoot.test.service.ServiceTestPattern@bfd97fb]" started-at="2022-09-28T09:07:45 CDT" name="deletePattern_successfully" finished-at="2022-09-28T09:07:45 CDT" duration-ms="1" status="PASS">
          <reporter-output>
          </reporter-output>
        </test-method> <!-- deletePattern_successfully -->
        <test-method is-config="true" signature="tearDown()[pri:0, instance:com.megagiganto.ypTrackerSpringBoot.test.service.ServiceTestPattern@bfd97fb]" started-at="2022-09-28T09:07:45 CDT" name="tearDown" finished-at="2022-09-28T09:07:45 CDT" duration-ms="1" status="PASS">
          <reporter-output>
          </reporter-output>
        </test-method> <!-- tearDown -->
        <test-method is-config="true" signature="springTestContextAfterTestMethod(java.lang.reflect.Method)[pri:0, instance:com.megagiganto.ypTrackerSpringBoot.test.service.ServiceTestPattern@bfd97fb]" started-at="2022-09-28T09:07:45 CDT" name="springTestContextAfterTestMethod" finished-at="2022-09-28T09:07:45 CDT" duration-ms="1" status="PASS">
          <params>
            <param index="0">
              <value>
                <![CDATA[private void com.megagiganto.ypTrackerSpringBoot.test.service.ServiceTestPattern.deletePattern_successfully()]]>
              </value>
            </param>
          </params>
          <reporter-output>
          </reporter-output>
        </test-method> <!-- springTestContextAfterTestMethod -->
        <test-method is-config="true" signature="springTestContextBeforeTestMethod(java.lang.reflect.Method)[pri:0, instance:com.megagiganto.ypTrackerSpringBoot.test.service.ServiceTestPattern@bfd97fb]" started-at="2022-09-28T09:07:45 CDT" name="springTestContextBeforeTestMethod" finished-at="2022-09-28T09:07:45 CDT" duration-ms="1" status="PASS">
          <params>
            <param index="0">
              <value>
                <![CDATA[private void com.megagiganto.ypTrackerSpringBoot.test.service.ServiceTestPattern.findAllPatterns()]]>
              </value>
            </param>
          </params>
          <reporter-output>
          </reporter-output>
        </test-method> <!-- springTestContextBeforeTestMethod -->
        <test-method signature="findAllPatterns()[pri:0, instance:com.megagiganto.ypTrackerSpringBoot.test.service.ServiceTestPattern@bfd97fb]" started-at="2022-09-28T09:07:45 CDT" name="findAllPatterns" finished-at="2022-09-28T09:07:45 CDT" duration-ms="1" status="PASS">
          <reporter-output>
          </reporter-output>
        </test-method> <!-- findAllPatterns -->
        <test-method is-config="true" signature="tearDown()[pri:0, instance:com.megagiganto.ypTrackerSpringBoot.test.service.ServiceTestPattern@bfd97fb]" started-at="2022-09-28T09:07:45 CDT" name="tearDown" finished-at="2022-09-28T09:07:45 CDT" duration-ms="1" status="PASS">
          <reporter-output>
          </reporter-output>
        </test-method> <!-- tearDown -->
        <test-method is-config="true" signature="springTestContextAfterTestMethod(java.lang.reflect.Method)[pri:0, instance:com.megagiganto.ypTrackerSpringBoot.test.service.ServiceTestPattern@bfd97fb]" started-at="2022-09-28T09:07:45 CDT" name="springTestContextAfterTestMethod" finished-at="2022-09-28T09:07:45 CDT" duration-ms="1" status="PASS">
          <params>
            <param index="0">
              <value>
                <![CDATA[private void com.megagiganto.ypTrackerSpringBoot.test.service.ServiceTestPattern.findAllPatterns()]]>
              </value>
            </param>
          </params>
          <reporter-output>
          </reporter-output>
        </test-method> <!-- springTestContextAfterTestMethod -->
        <test-method is-config="true" signature="springTestContextBeforeTestMethod(java.lang.reflect.Method)[pri:0, instance:com.megagiganto.ypTrackerSpringBoot.test.service.ServiceTestPattern@bfd97fb]" started-at="2022-09-28T09:07:45 CDT" name="springTestContextBeforeTestMethod" finished-at="2022-09-28T09:07:45 CDT" duration-ms="1" status="PASS">
          <params>
            <param index="0">
              <value>
                <![CDATA[private void com.megagiganto.ypTrackerSpringBoot.test.service.ServiceTestPattern.savePattern_successfully()]]>
              </value>
            </param>
          </params>
          <reporter-output>
          </reporter-output>
        </test-method> <!-- springTestContextBeforeTestMethod -->
        <test-method signature="savePattern_successfully()[pri:0, instance:com.megagiganto.ypTrackerSpringBoot.test.service.ServiceTestPattern@bfd97fb]" started-at="2022-09-28T09:07:45 CDT" name="savePattern_successfully" finished-at="2022-09-28T09:07:45 CDT" duration-ms="1" status="PASS">
          <reporter-output>
          </reporter-output>
        </test-method> <!-- savePattern_successfully -->
        <test-method is-config="true" signature="tearDown()[pri:0, instance:com.megagiganto.ypTrackerSpringBoot.test.service.ServiceTestPattern@bfd97fb]" started-at="2022-09-28T09:07:45 CDT" name="tearDown" finished-at="2022-09-28T09:07:45 CDT" duration-ms="0" status="PASS">
          <reporter-output>
          </reporter-output>
        </test-method> <!-- tearDown -->
        <test-method is-config="true" signature="springTestContextAfterTestMethod(java.lang.reflect.Method)[pri:0, instance:com.megagiganto.ypTrackerSpringBoot.test.service.ServiceTestPattern@bfd97fb]" started-at="2022-09-28T09:07:45 CDT" name="springTestContextAfterTestMethod" finished-at="2022-09-28T09:07:45 CDT" duration-ms="1" status="PASS">
          <params>
            <param index="0">
              <value>
                <![CDATA[private void com.megagiganto.ypTrackerSpringBoot.test.service.ServiceTestPattern.savePattern_successfully()]]>
              </value>
            </param>
          </params>
          <reporter-output>
          </reporter-output>
        </test-method> <!-- springTestContextAfterTestMethod -->
        <test-method is-config="true" signature="springTestContextBeforeTestMethod(java.lang.reflect.Method)[pri:0, instance:com.megagiganto.ypTrackerSpringBoot.test.service.ServiceTestPattern@bfd97fb]" started-at="2022-09-28T09:07:45 CDT" name="springTestContextBeforeTestMethod" finished-at="2022-09-28T09:07:45 CDT" duration-ms="1" status="PASS">
          <params>
            <param index="0">
              <value>
                <![CDATA[private void com.megagiganto.ypTrackerSpringBoot.test.service.ServiceTestPattern.updatePattern_successfully()]]>
              </value>
            </param>
          </params>
          <reporter-output>
          </reporter-output>
        </test-method> <!-- springTestContextBeforeTestMethod -->
        <test-method signature="updatePattern_successfully()[pri:0, instance:com.megagiganto.ypTrackerSpringBoot.test.service.ServiceTestPattern@bfd97fb]" started-at="2022-09-28T09:07:45 CDT" name="updatePattern_successfully" finished-at="2022-09-28T09:07:45 CDT" duration-ms="1" status="PASS">
          <reporter-output>
          </reporter-output>
        </test-method> <!-- updatePattern_successfully -->
        <test-method is-config="true" signature="tearDown()[pri:0, instance:com.megagiganto.ypTrackerSpringBoot.test.service.ServiceTestPattern@bfd97fb]" started-at="2022-09-28T09:07:45 CDT" name="tearDown" finished-at="2022-09-28T09:07:45 CDT" duration-ms="0" status="PASS">
          <reporter-output>
          </reporter-output>
        </test-method> <!-- tearDown -->
        <test-method is-config="true" signature="springTestContextAfterTestMethod(java.lang.reflect.Method)[pri:0, instance:com.megagiganto.ypTrackerSpringBoot.test.service.ServiceTestPattern@bfd97fb]" started-at="2022-09-28T09:07:45 CDT" name="springTestContextAfterTestMethod" finished-at="2022-09-28T09:07:45 CDT" duration-ms="1" status="PASS">
          <params>
            <param index="0">
              <value>
                <![CDATA[private void com.megagiganto.ypTrackerSpringBoot.test.service.ServiceTestPattern.updatePattern_successfully()]]>
              </value>
            </param>
          </params>
          <reporter-output>
          </reporter-output>
        </test-method> <!-- springTestContextAfterTestMethod -->
        <test-method is-config="true" signature="tearDown()[pri:0, instance:com.megagiganto.ypTrackerSpringBoot.test.service.ServiceTestPattern@bfd97fb]" started-at="2022-09-28T09:07:45 CDT" name="tearDown" finished-at="2022-09-28T09:07:45 CDT" duration-ms="1" status="PASS">
          <reporter-output>
          </reporter-output>
        </test-method> <!-- tearDown -->
        <test-method is-config="true" signature="springTestContextAfterTestClass()[pri:0, instance:com.megagiganto.ypTrackerSpringBoot.test.service.ServiceTestPattern@bfd97fb]" started-at="2022-09-28T09:07:45 CDT" name="springTestContextAfterTestClass" finished-at="2022-09-28T09:07:45 CDT" duration-ms="0" status="PASS">
          <reporter-output>
          </reporter-output>
        </test-method> <!-- springTestContextAfterTestClass -->
      </class> <!-- com.megagiganto.ypTrackerSpringBoot.test.service.ServiceTestPattern -->
    </test> <!-- Default test -->
  </suite> <!-- Default suite -->
</testng-results>
